<?xml version="1.0" encoding="UTF-8"?>
<testng-results skipped="0" failed="0" ignored="0" total="1" passed="1">
  <reporter-output>
  </reporter-output>
  <suite name="Default suite" duration-ms="19404" started-at="2019-11-26T09:32:44Z" finished-at="2019-11-26T09:33:03Z">
    <groups>
    </groups>
    <test name="Default test" duration-ms="19404" started-at="2019-11-26T09:32:44Z" finished-at="2019-11-26T09:33:03Z">
      <class name="com.epam.MakeMyTripAutomationUsingBDD.tests.TestLogin">
        <test-method status="PASS" signature="setUpClass()[pri:0, instance:com.epam.MakeMyTripAutomationUsingBDD.tests.TestLogin@6ddf90b0]" name="setUpClass" is-config="true" duration-ms="208" started-at="2019-11-26T09:32:44Z" finished-at="2019-11-26T09:32:44Z">
          <reporter-output>
          </reporter-output>
        </test-method> <!-- setUpClass -->
        <test-method status="PASS" signature="feature(cucumber.api.testng.CucumberFeatureWrapper)[pri:0, instance:com.epam.MakeMyTripAutomationUsingBDD.tests.TestLogin@6ddf90b0]" name="feature" duration-ms="19116" started-at="2019-11-26T09:32:44Z" data-provider="features" finished-at="2019-11-26T09:33:03Z">
          <params>
            <param index="0">
              <value>
                <![CDATA[MMT login validations]]>
              </value>
            </param>
          </params>
          <reporter-output>
          </reporter-output>
        </test-method> <!-- feature -->
        <test-method status="PASS" signature="tearDownClass()[pri:0, instance:com.epam.MakeMyTripAutomationUsingBDD.tests.TestLogin@6ddf90b0]" name="tearDownClass" is-config="true" duration-ms="2" started-at="2019-11-26T09:33:03Z" finished-at="2019-11-26T09:33:03Z">
          <reporter-output>
          </reporter-output>
        </test-method> <!-- tearDownClass -->
      </class> <!-- com.epam.MakeMyTripAutomationUsingBDD.tests.TestLogin -->
    </test> <!-- Default test -->
  </suite> <!-- Default suite -->
</testng-results>
